0 info it worked if it ends with ok
1 verbose cli [ 'D:\\soft\\NodeJS\\node.exe',
1 verbose cli   'D:\\soft\\NodeJS\\node_modules\\npm\\bin\\npm-cli.js',
1 verbose cli   'start' ]
2 info using npm@3.10.10
3 info using node@v6.11.0
4 verbose run-script [ 'prestart', 'start', 'poststart' ]
5 info lifecycle myapp-express-generator@0.0.0~prestart: myapp-express-generator@0.0.0
6 silly lifecycle myapp-express-generator@0.0.0~prestart: no script for prestart, continuing
7 info lifecycle myapp-express-generator@0.0.0~start: myapp-express-generator@0.0.0
8 verbose lifecycle myapp-express-generator@0.0.0~start: unsafe-perm in lifecycle true
9 verbose lifecycle myapp-express-generator@0.0.0~start: PATH: D:\soft\NodeJS\node_modules\npm\bin\node-gyp-bin;E:\nodeTest\myapp-express-generator\node_modules\.bin;C:\ProgramData\Oracle\Java\javapath;C:\Windows\system32;C:\Windows;C:\Windows\System32\Wbem;C:\Windows\System32\WindowsPowerShell\v1.0\;C:\Program Files (x86)\Windows Kits\8.1\Windows Performance Toolkit\;C:\Program Files\Microsoft SQL Server\110\Tools\Binn\;D:\soft\VisualSVN Server\bin;D:\soft\Git\cmd;D:\soft\TortoiseGit\bin;C:\Program Files (x86)\NVIDIA Corporation\PhysX\Common;C:\WINDOWS\system32;C:\WINDOWS;C:\WINDOWS\System32\Wbem;C:\WINDOWS\System32\WindowsPowerShell\v1.0\;D:\soft\Python2;D:\android-sdk-windows\tools;D:\soft\mysql-5.7.18-winx64\bin;D:\soft\NodeJS\;D:\soft\gradle-3.3\bin;D:\soft\apache-maven-3.5.0\bin;D:\soft\Ruby22-x64\bin;C:\Users\Seaton\AppData\Local\Microsoft\WindowsApps;D:\soft\Microsoft VS Code\bin;C:\Users\Seaton\AppData\Roaming\npm
10 verbose lifecycle myapp-express-generator@0.0.0~start: CWD: E:\nodeTest\myapp-express-generator
11 silly lifecycle myapp-express-generator@0.0.0~start: Args: [ '/d /s /c', 'node ./bin/www' ]
12 verbose stack Error: kill ENOSYS
12 verbose stack     at exports._errnoException (util.js:1018:11)
12 verbose stack     at process.kill (internal/process.js:190:13)
12 verbose stack     at process.listener (D:\soft\NodeJS\node_modules\npm\node_modules\npmlog\node_modules\gauge\node_modules\signal-exit\index.js:86:15)
12 verbose stack     at emitNone (events.js:91:20)
12 verbose stack     at process.emit (events.js:185:7)
12 verbose stack     at processEmit (D:\soft\NodeJS\node_modules\npm\node_modules\npmlog\node_modules\gauge\node_modules\signal-exit\index.js:146:32)
12 verbose stack     at processEmit (D:\soft\NodeJS\node_modules\npm\node_modules\npm-registry-client\node_modules\npmlog\node_modules\gauge\node_modules\signal-exit\index.js:146:32)
12 verbose stack     at Signal.wrap.onsignal (internal/process.js:217:44)
13 verbose cwd E:\nodeTest\myapp-express-generator
14 error Windows_NT 10.0.14393
15 error argv "D:\\soft\\NodeJS\\node.exe" "D:\\soft\\NodeJS\\node_modules\\npm\\bin\\npm-cli.js" "start"
16 error node v6.11.0
17 error npm  v3.10.10
18 error code ENOSYS
19 error errno ENOSYS
20 error syscall kill
21 error kill ENOSYS
22 error If you need help, you may report this error at:
22 error     <https://github.com/npm/npm/issues>
23 verbose exit [ 1, true ]
